# JRE version: Java(TM) SE Runtime Environment (8.0_181-b13) (build 1.8.0_181-b13)
# Java VM: Java HotSpot(TM) 64-Bit Server VM (25.181-b13 mixed mode linux-amd64 compressed oops)
Heap:
 PSYoungGen      total 207872K, used 21497K [0x00000000e1580000, 0x00000000ef980000, 0x0000000100000000)
  eden space 186368K, 0% used [0x00000000e1580000,0x00000000e1580000,0x00000000ecb80000)
  from space 21504K, 99% used [0x00000000ecb80000,0x00000000ee07e5b0,0x00000000ee080000)
  to   space 17408K, 0% used [0x00000000ee080000,0x00000000ee080000,0x00000000ef180000)
 ParOldGen       total 62976K, used 31729K [0x00000000a4000000, 0x00000000a7d80000, 0x00000000e1580000)
  object space 62976K, 50% used [0x00000000a4000000,0x00000000a5efc648,0x00000000a7d80000)
 Metaspace       used 20155K, capacity 20708K, committed 20992K, reserved 1067008K
  class space    used 2588K, capacity 2756K, committed 2816K, reserved 1048576K
GC Heap History (10 events):
Event: 1.707 GC heap after
Heap after GC invocations=4 (full 0):
 PSYoungGen      total 51712K, used 3568K [0x00000000e1580000, 0x00000000e4b80000, 0x0000000100000000)
  eden space 48128K, 0% used [0x00000000e1580000,0x00000000e1580000,0x00000000e4480000)
  from space 3584K, 99% used [0x00000000e4800000,0x00000000e4b7c080,0x00000000e4b80000)
  to   space 3584K, 0% used [0x00000000e4480000,0x00000000e4480000,0x00000000e4800000)
 ParOldGen       total 62976K, used 5685K [0x00000000a4000000, 0x00000000a7d80000, 0x00000000e1580000)
  object space 62976K, 9% used [0x00000000a4000000,0x00000000a458d508,0x00000000a7d80000)
 Metaspace       used 17146K, capacity 17426K, committed 17536K, reserved 1064960K
  class space    used 2254K, capacity 2369K, committed 2432K, reserved 1048576K
}
Event: 1.815 GC heap before
{Heap before GC invocations=5 (full 0):
 PSYoungGen      total 51712K, used 51696K [0x00000000e1580000, 0x00000000e4b80000, 0x0000000100000000)
  eden space 48128K, 100% used [0x00000000e1580000,0x00000000e4480000,0x00000000e4480000)
  from space 3584K, 99% used [0x00000000e4800000,0x00000000e4b7c080,0x00000000e4b80000)
  to   space 3584K, 0% used [0x00000000e4480000,0x00000000e4480000,0x00000000e4800000)
 ParOldGen       total 62976K, used 5685K [0x00000000a4000000, 0x00000000a7d80000, 0x00000000e1580000)
  object space 62976K, 9% used [0x00000000a4000000,0x00000000a458d508,0x00000000a7d80000)
 Metaspace       used 17218K, capacity 17528K, committed 17792K, reserved 1064960K
  class space    used 2267K, capacity 2402K, committed 2432K, reserved 1048576K
Event: 1.824 GC heap after
Heap after GC invocations=5 (full 0):
 PSYoungGen      total 51712K, used 3568K [0x00000000e1580000, 0x00000000e8580000, 0x0000000100000000)
  eden space 48128K, 0% used [0x00000000e1580000,0x00000000e1580000,0x00000000e4480000)
  from space 3584K, 99% used [0x00000000e4480000,0x00000000e47fc0e0,0x00000000e4800000)
  to   space 9216K, 0% used [0x00000000e7c80000,0x00000000e7c80000,0x00000000e8580000)
 ParOldGen       total 62976K, used 10187K [0x00000000a4000000, 0x00000000a7d80000, 0x00000000e1580000)
  object space 62976K, 16% used [0x00000000a4000000,0x00000000a49f2e00,0x00000000a7d80000)
 Metaspace       used 17218K, capacity 17528K, committed 17792K, reserved 1064960K
  class space    used 2267K, capacity 2402K, committed 2432K, reserved 1048576K
}
Event: 1.879 GC heap before
{Heap before GC invocations=6 (full 0):
 PSYoungGen      total 51712K, used 51696K [0x00000000e1580000, 0x00000000e8580000, 0x0000000100000000)
  eden space 48128K, 100% used [0x00000000e1580000,0x00000000e4480000,0x00000000e4480000)
  from space 3584K, 99% used [0x00000000e4480000,0x00000000e47fc0e0,0x00000000e4800000)
  to   space 9216K, 0% used [0x00000000e7c80000,0x00000000e7c80000,0x00000000e8580000)
 ParOldGen       total 62976K, used 10187K [0x00000000a4000000, 0x00000000a7d80000, 0x00000000e1580000)
  object space 62976K, 16% used [0x00000000a4000000,0x00000000a49f2e00,0x00000000a7d80000)
 Metaspace       used 17348K, capacity 17656K, committed 17792K, reserved 1064960K
  class space    used 2286K, capacity 2402K, committed 2432K, reserved 1048576K
Event: 1.888 GC heap after
Heap after GC invocations=6 (full 0):
 PSYoungGen      total 104448K, used 8864K [0x00000000e1580000, 0x00000000e8780000, 0x0000000100000000)
  eden space 95232K, 0% used [0x00000000e1580000,0x00000000e1580000,0x00000000e7280000)
  from space 9216K, 96% used [0x00000000e7c80000,0x00000000e8528320,0x00000000e8580000)
  to   space 10240K, 0% used [0x00000000e7280000,0x00000000e7280000,0x00000000e7c80000)
 ParOldGen       total 62976K, used 10187K [0x00000000a4000000, 0x00000000a7d80000, 0x00000000e1580000)
  object space 62976K, 16% used [0x00000000a4000000,0x00000000a49f2e00,0x00000000a7d80000)
 Metaspace       used 17348K, capacity 17656K, committed 17792K, reserved 1064960K
  class space    used 2286K, capacity 2402K, committed 2432K, reserved 1048576K
}
Event: 2.212 GC heap before
{Heap before GC invocations=7 (full 0):
 PSYoungGen      total 104448K, used 104096K [0x00000000e1580000, 0x00000000e8780000, 0x0000000100000000)
  eden space 95232K, 100% used [0x00000000e1580000,0x00000000e7280000,0x00000000e7280000)
  from space 9216K, 96% used [0x00000000e7c80000,0x00000000e8528320,0x00000000e8580000)
  to   space 10240K, 0% used [0x00000000e7280000,0x00000000e7280000,0x00000000e7c80000)
 ParOldGen       total 62976K, used 10187K [0x00000000a4000000, 0x00000000a7d80000, 0x00000000e1580000)
  object space 62976K, 16% used [0x00000000a4000000,0x00000000a49f2e00,0x00000000a7d80000)
 Metaspace       used 18750K, capacity 19096K, committed 19328K, reserved 1067008K
  class space    used 2438K, capacity 2562K, committed 2688K, reserved 1048576K
Event: 2.227 GC heap after
Heap after GC invocations=7 (full 0):
 PSYoungGen      total 105472K, used 10209K [0x00000000e1580000, 0x00000000ef180000, 0x0000000100000000)
  eden space 95232K, 0% used [0x00000000e1580000,0x00000000e1580000,0x00000000e7280000)
  from space 10240K, 99% used [0x00000000e7280000,0x00000000e7c786c0,0x00000000e7c80000)
  to   space 17408K, 0% used [0x00000000ee080000,0x00000000ee080000,0x00000000ef180000)
 ParOldGen       total 62976K, used 21560K [0x00000000a4000000, 0x00000000a7d80000, 0x00000000e1580000)
  object space 62976K, 34% used [0x00000000a4000000,0x00000000a550e108,0x00000000a7d80000)
 Metaspace       used 18750K, capacity 19096K, committed 19328K, reserved 1067008K
  class space    used 2438K, capacity 2562K, committed 2688K, reserved 1048576K
}
Event: 2.685 GC heap before
{Heap before GC invocations=8 (full 0):
 PSYoungGen      total 105472K, used 105441K [0x00000000e1580000, 0x00000000ef180000, 0x0000000100000000)
  eden space 95232K, 100% used [0x00000000e1580000,0x00000000e7280000,0x00000000e7280000)
  from space 10240K, 99% used [0x00000000e7280000,0x00000000e7c786c0,0x00000000e7c80000)
  to   space 17408K, 0% used [0x00000000ee080000,0x00000000ee080000,0x00000000ef180000)
 ParOldGen       total 62976K, used 21560K [0x00000000a4000000, 0x00000000a7d80000, 0x00000000e1580000)
  object space 62976K, 34% used [0x00000000a4000000,0x00000000a550e108,0x00000000a7d80000)
 Metaspace       used 19634K, capacity 20168K, committed 20480K, reserved 1067008K
  class space    used 2553K, capacity 2714K, committed 2816K, reserved 1048576K
Event: 2.698 GC heap after
Heap after GC invocations=8 (full 0):
 PSYoungGen      total 203776K, used 17399K [0x00000000e1580000, 0x00000000ef980000, 0x0000000100000000)
  eden space 186368K, 0% used [0x00000000e1580000,0x00000000e1580000,0x00000000ecb80000)
  from space 17408K, 99% used [0x00000000ee080000,0x00000000ef17de30,0x00000000ef180000)
  to   space 21504K, 0% used [0x00000000ecb80000,0x00000000ecb80000,0x00000000ee080000)
 ParOldGen       total 62976K, used 24610K [0x00000000a4000000, 0x00000000a7d80000, 0x00000000e1580000)
  object space 62976K, 39% used [0x00000000a4000000,0x00000000a5808b28,0x00000000a7d80000)
 Metaspace       used 19634K, capacity 20168K, committed 20480K, reserved 1067008K
  class space    used 2553K, capacity 2714K, committed 2816K, reserved 1048576K
}
Event: 3.254 GC heap before
{Heap before GC invocations=9 (full 0):
 PSYoungGen      total 203776K, used 203767K [0x00000000e1580000, 0x00000000ef980000, 0x0000000100000000)
  eden space 186368K, 100% used [0x00000000e1580000,0x00000000ecb80000,0x00000000ecb80000)
  from space 17408K, 99% used [0x00000000ee080000,0x00000000ef17de30,0x00000000ef180000)
  to   space 21504K, 0% used [0x00000000ecb80000,0x00000000ecb80000,0x00000000ee080000)
 ParOldGen       total 62976K, used 24610K [0x00000000a4000000, 0x00000000a7d80000, 0x00000000e1580000)
  object space 62976K, 39% used [0x00000000a4000000,0x00000000a5808b28,0x00000000a7d80000)
 Metaspace       used 20155K, capacity 20708K, committed 20992K, reserved 1067008K
  class space    used 2588K, capacity 2756K, committed 2816K, reserved 1048576K

